<?xml version="1.0" encoding="UTF-8"?>
<testng-results ignored="0" total="2" passed="2" failed="0" skipped="0">
  <reporter-output>
  </reporter-output>
  <suite started-at="2022-09-06T19:38:23 EET" name="Default suite" finished-at="2022-09-06T19:38:33 EET" duration-ms="9670">
    <groups>
    </groups>
    <test started-at="2022-09-06T19:38:23 EET" name="Default test" finished-at="2022-09-06T19:38:33 EET" duration-ms="9670">
      <class name="tests.TestRegistration">
        <test-method is-config="true" signature="startDriver(java.lang.String)[pri:0, instance:tests.TestRegistration@5b1669c0]" started-at="2022-09-06T19:38:14 EET" name="startDriver" finished-at="2022-09-06T19:38:23 EET" duration-ms="9041" status="PASS">
          <params>
            <param index="0">
              <value>
                <![CDATA[chrome]]>
              </value>
            </param>
          </params>
          <reporter-output>
          </reporter-output>
        </test-method> <!-- startDriver -->
        <test-method signature="ValidRegistrationTest()[pri:1, instance:tests.TestRegistration@5b1669c0]" started-at="2022-09-06T19:38:23 EET" name="ValidRegistrationTest" finished-at="2022-09-06T19:38:30 EET" duration-ms="7484" status="PASS">
          <reporter-output>
          </reporter-output>
        </test-method> <!-- ValidRegistrationTest -->
        <test-method is-config="true" signature="screenshotOnFailure(org.testng.ITestResult)[pri:0, instance:tests.TestRegistration@5b1669c0]" started-at="2022-09-06T19:38:30 EET" name="screenshotOnFailure" finished-at="2022-09-06T19:38:30 EET" duration-ms="2" status="PASS">
          <params>
            <param index="0">
              <value>
                <![CDATA[[TestResult name=ValidRegistrationTest status=SUCCESS method=TestRegistration.ValidRegistrationTest()[pri:1, instance:tests.TestRegistration@5b1669c0] output={null}]]]>
              </value>
            </param>
          </params>
          <reporter-output>
          </reporter-output>
        </test-method> <!-- screenshotOnFailure -->
        <test-method signature="EmptyFNameRegistrationTest()[pri:2, instance:tests.TestRegistration@5b1669c0]" started-at="2022-09-06T19:38:30 EET" name="EmptyFNameRegistrationTest" finished-at="2022-09-06T19:38:32 EET" duration-ms="2113" status="PASS">
          <reporter-output>
          </reporter-output>
        </test-method> <!-- EmptyFNameRegistrationTest -->
        <test-method is-config="true" signature="screenshotOnFailure(org.testng.ITestResult)[pri:0, instance:tests.TestRegistration@5b1669c0]" started-at="2022-09-06T19:38:32 EET" name="screenshotOnFailure" finished-at="2022-09-06T19:38:33 EET" duration-ms="3" status="PASS">
          <params>
            <param index="0">
              <value>
                <![CDATA[[TestResult name=EmptyFNameRegistrationTest status=SUCCESS method=TestRegistration.EmptyFNameRegistrationTest()[pri:2, instance:tests.TestRegistration@5b1669c0] output={null}]]]>
              </value>
            </param>
          </params>
          <reporter-output>
          </reporter-output>
        </test-method> <!-- screenshotOnFailure -->
        <test-method is-config="true" signature="stopDriver()[pri:0, instance:tests.TestRegistration@5b1669c0]" started-at="2022-09-06T19:38:33 EET" name="stopDriver" finished-at="2022-09-06T19:38:33 EET" duration-ms="384" status="PASS">
          <reporter-output>
          </reporter-output>
        </test-method> <!-- stopDriver -->
      </class> <!-- tests.TestRegistration -->
    </test> <!-- Default test -->
  </suite> <!-- Default suite -->
</testng-results>
