<?xml version="1.0" encoding="UTF-8"?>
<testng-results ignored="0" total="1" passed="1" failed="0" skipped="0">
  <reporter-output>
  </reporter-output>
  <suite started-at="2022-09-06T19:16:54 EET" name="Default suite" finished-at="2022-09-06T19:17:02 EET" duration-ms="7521">
    <groups>
    </groups>
    <test started-at="2022-09-06T19:16:54 EET" name="Default test" finished-at="2022-09-06T19:17:02 EET" duration-ms="7521">
      <class name="tests.TestRegistration">
        <test-method is-config="true" signature="startDriver(java.lang.String)[pri:0, instance:tests.TestRegistration@1530c739]" started-at="2022-09-06T19:16:44 EET" name="startDriver" finished-at="2022-09-06T19:16:54 EET" duration-ms="9715" status="PASS">
          <params>
            <param index="0">
              <value>
                <![CDATA[chrome]]>
              </value>
            </param>
          </params>
          <reporter-output>
          </reporter-output>
        </test-method> <!-- startDriver -->
        <test-method signature="ValidRegistrationTest()[pri:1, instance:tests.TestRegistration@1530c739]" started-at="2022-09-06T19:16:54 EET" name="ValidRegistrationTest" finished-at="2022-09-06T19:17:02 EET" duration-ms="7440" status="PASS">
          <reporter-output>
          </reporter-output>
        </test-method> <!-- ValidRegistrationTest -->
        <test-method is-config="true" signature="screenshotOnFailure(org.testng.ITestResult)[pri:0, instance:tests.TestRegistration@1530c739]" started-at="2022-09-06T19:17:02 EET" name="screenshotOnFailure" finished-at="2022-09-06T19:17:02 EET" duration-ms="2" status="PASS">
          <params>
            <param index="0">
              <value>
                <![CDATA[[TestResult name=ValidRegistrationTest status=SUCCESS method=TestRegistration.ValidRegistrationTest()[pri:1, instance:tests.TestRegistration@1530c739] output={null}]]]>
              </value>
            </param>
          </params>
          <reporter-output>
          </reporter-output>
        </test-method> <!-- screenshotOnFailure -->
        <test-method is-config="true" signature="stopDriver()[pri:0, instance:tests.TestRegistration@1530c739]" started-at="2022-09-06T19:17:02 EET" name="stopDriver" finished-at="2022-09-06T19:17:02 EET" duration-ms="340" status="PASS">
          <reporter-output>
          </reporter-output>
        </test-method> <!-- stopDriver -->
      </class> <!-- tests.TestRegistration -->
    </test> <!-- Default test -->
  </suite> <!-- Default suite -->
</testng-results>
