<?xml version="1.0" encoding="UTF-8"?>
<testng-results ignored="0" total="10" passed="8" failed="2" skipped="0">
  <reporter-output>
  </reporter-output>
  <suite started-at="2022-09-06T23:07:47 EET" name="Default suite" finished-at="2022-09-06T23:08:22 EET" duration-ms="34840">
    <groups>
    </groups>
    <test started-at="2022-09-06T23:07:47 EET" name="Default test" finished-at="2022-09-06T23:08:22 EET" duration-ms="34840">
      <class name="tests.TestRegistration">
        <test-method is-config="true" signature="startDriver(java.lang.String)[pri:0, instance:tests.TestRegistration@173ed316]" started-at="2022-09-06T23:07:39 EET" name="startDriver" finished-at="2022-09-06T23:07:47 EET" duration-ms="8085" status="PASS">
          <params>
            <param index="0">
              <value>
                <![CDATA[chrome]]>
              </value>
            </param>
          </params>
          <reporter-output>
          </reporter-output>
        </test-method> <!-- startDriver -->
        <test-method signature="ValidRegistrationTest()[pri:1, instance:tests.TestRegistration@173ed316]" started-at="2022-09-06T23:07:47 EET" name="ValidRegistrationTest" finished-at="2022-09-06T23:07:55 EET" duration-ms="8201" status="PASS">
          <reporter-output>
          </reporter-output>
        </test-method> <!-- ValidRegistrationTest -->
        <test-method is-config="true" signature="screenshotOnFailure(org.testng.ITestResult)[pri:0, instance:tests.TestRegistration@173ed316]" started-at="2022-09-06T23:07:55 EET" name="screenshotOnFailure" finished-at="2022-09-06T23:07:55 EET" duration-ms="1" status="PASS">
          <params>
            <param index="0">
              <value>
                <![CDATA[[TestResult name=ValidRegistrationTest status=SUCCESS method=TestRegistration.ValidRegistrationTest()[pri:1, instance:tests.TestRegistration@173ed316] output={null}]]]>
              </value>
            </param>
          </params>
          <reporter-output>
          </reporter-output>
        </test-method> <!-- screenshotOnFailure -->
        <test-method signature="EmptyFNameRegistrationTest()[pri:2, instance:tests.TestRegistration@173ed316]" started-at="2022-09-06T23:07:55 EET" name="EmptyFNameRegistrationTest" finished-at="2022-09-06T23:07:58 EET" duration-ms="2265" status="PASS">
          <reporter-output>
          </reporter-output>
        </test-method> <!-- EmptyFNameRegistrationTest -->
        <test-method is-config="true" signature="screenshotOnFailure(org.testng.ITestResult)[pri:0, instance:tests.TestRegistration@173ed316]" started-at="2022-09-06T23:07:58 EET" name="screenshotOnFailure" finished-at="2022-09-06T23:07:58 EET" duration-ms="1" status="PASS">
          <params>
            <param index="0">
              <value>
                <![CDATA[[TestResult name=EmptyFNameRegistrationTest status=SUCCESS method=TestRegistration.EmptyFNameRegistrationTest()[pri:2, instance:tests.TestRegistration@173ed316] output={null}]]]>
              </value>
            </param>
          </params>
          <reporter-output>
          </reporter-output>
        </test-method> <!-- screenshotOnFailure -->
        <test-method signature="InvalidFNameRegistrationTest()[pri:3, instance:tests.TestRegistration@173ed316]" started-at="2022-09-06T23:07:58 EET" name="InvalidFNameRegistrationTest" finished-at="2022-09-06T23:07:59 EET" duration-ms="1169" status="FAIL">
          <exception class="org.openqa.selenium.StaleElementReferenceException">
            <message>
              <![CDATA[stale element reference: element is not attached to the page document
  (Session info: chrome=104.0.5112.102)
For documentation on this error, please visit: https://selenium.dev/exceptions/#stale_element_reference
Build info: version: '4.4.0', revision: 'e5c75ed026a'
System info: host: 'DESKTOP-P7GPACC', ip: '192.168.1.40', os.name: 'Windows 10', os.arch: 'amd64', os.version: '10.0', java.version: '17.0.4'
Driver info: org.openqa.selenium.chrome.ChromeDriver
Command: [2240e7b997478d3dff935dae7b59ddd0, clearElement {id=e4e6a92d-a3d6-45c5-a20f-ce05defb5144}]
Capabilities {acceptInsecureCerts: false, browserName: chrome, browserVersion: 104.0.5112.102, chrome: {chromedriverVersion: 104.0.5112.79 (3cf3e8c8a07d..., userDataDir: C:\Users\Maro\AppData\Local...}, goog:chromeOptions: {debuggerAddress: localhost:56403}, networkConnectionEnabled: false, pageLoadStrategy: normal, platformName: WINDOWS, proxy: Proxy(), se:cdp: ws://localhost:56403/devtoo..., se:cdpVersion: 104.0.5112.102, setWindowRect: true, strictFileInteractability: false, timeouts: {implicit: 0, pageLoad: 300000, script: 30000}, unhandledPromptBehavior: dismiss and notify, webauthn:extension:credBlob: true, webauthn:extension:largeBlob: true, webauthn:virtualAuthenticators: true}
Element: [[ChromeDriver: chrome on WINDOWS (2240e7b997478d3dff935dae7b59ddd0)] -> id: nf-field-19]
Session ID: 2240e7b997478d3dff935dae7b59ddd0]]>
            </message>
            <full-stacktrace>
              <![CDATA[org.openqa.selenium.StaleElementReferenceException: stale element reference: element is not attached to the page document
  (Session info: chrome=104.0.5112.102)
For documentation on this error, please visit: https://selenium.dev/exceptions/#stale_element_reference
Build info: version: '4.4.0', revision: 'e5c75ed026a'
System info: host: 'DESKTOP-P7GPACC', ip: '192.168.1.40', os.name: 'Windows 10', os.arch: 'amd64', os.version: '10.0', java.version: '17.0.4'
Driver info: org.openqa.selenium.chrome.ChromeDriver
Command: [2240e7b997478d3dff935dae7b59ddd0, clearElement {id=e4e6a92d-a3d6-45c5-a20f-ce05defb5144}]
Capabilities {acceptInsecureCerts: false, browserName: chrome, browserVersion: 104.0.5112.102, chrome: {chromedriverVersion: 104.0.5112.79 (3cf3e8c8a07d..., userDataDir: C:\Users\Maro\AppData\Local...}, goog:chromeOptions: {debuggerAddress: localhost:56403}, networkConnectionEnabled: false, pageLoadStrategy: normal, platformName: WINDOWS, proxy: Proxy(), se:cdp: ws://localhost:56403/devtoo..., se:cdpVersion: 104.0.5112.102, setWindowRect: true, strictFileInteractability: false, timeouts: {implicit: 0, pageLoad: 300000, script: 30000}, unhandledPromptBehavior: dismiss and notify, webauthn:extension:credBlob: true, webauthn:extension:largeBlob: true, webauthn:virtualAuthenticators: true}
Element: [[ChromeDriver: chrome on WINDOWS (2240e7b997478d3dff935dae7b59ddd0)] -> id: nf-field-19]
Session ID: 2240e7b997478d3dff935dae7b59ddd0
at java.base/jdk.internal.reflect.NativeConstructorAccessorImpl.newInstance0(Native Method)
at java.base/jdk.internal.reflect.NativeConstructorAccessorImpl.newInstance(NativeConstructorAccessorImpl.java:77)
at java.base/jdk.internal.reflect.DelegatingConstructorAccessorImpl.newInstance(DelegatingConstructorAccessorImpl.java:45)
at java.base/java.lang.reflect.Constructor.newInstanceWithCaller(Constructor.java:499)
at java.base/java.lang.reflect.Constructor.newInstance(Constructor.java:480)
at org.openqa.selenium.remote.codec.w3c.W3CHttpResponseCodec.createException(W3CHttpResponseCodec.java:200)
at org.openqa.selenium.remote.codec.w3c.W3CHttpResponseCodec.decode(W3CHttpResponseCodec.java:133)
at org.openqa.selenium.remote.codec.w3c.W3CHttpResponseCodec.decode(W3CHttpResponseCodec.java:53)
at org.openqa.selenium.remote.HttpCommandExecutor.execute(HttpCommandExecutor.java:184)
at org.openqa.selenium.remote.service.DriverCommandExecutor.invokeExecute(DriverCommandExecutor.java:167)
at org.openqa.selenium.remote.service.DriverCommandExecutor.execute(DriverCommandExecutor.java:142)
at org.openqa.selenium.remote.RemoteWebDriver.execute(RemoteWebDriver.java:547)
at org.openqa.selenium.remote.RemoteWebElement.execute(RemoteWebElement.java:257)
at org.openqa.selenium.remote.RemoteWebElement.clear(RemoteWebElement.java:132)
at java.base/jdk.internal.reflect.NativeMethodAccessorImpl.invoke0(Native Method)
at java.base/jdk.internal.reflect.NativeMethodAccessorImpl.invoke(NativeMethodAccessorImpl.java:77)
at java.base/jdk.internal.reflect.DelegatingMethodAccessorImpl.invoke(DelegatingMethodAccessorImpl.java:43)
at java.base/java.lang.reflect.Method.invoke(Method.java:568)
at org.openqa.selenium.support.pagefactory.internal.LocatingElementHandler.invoke(LocatingElementHandler.java:52)
at jdk.proxy2/jdk.proxy2.$Proxy19.clear(Unknown Source)
at pages.RegistrationPage.userRegistration(RegistrationPage.java:67)
at tests.TestRegistration.InvalidFNameRegistrationTest(TestRegistration.java:57)
at java.base/jdk.internal.reflect.NativeMethodAccessorImpl.invoke0(Native Method)
at java.base/jdk.internal.reflect.NativeMethodAccessorImpl.invoke(NativeMethodAccessorImpl.java:77)
at java.base/jdk.internal.reflect.DelegatingMethodAccessorImpl.invoke(DelegatingMethodAccessorImpl.java:43)
at java.base/java.lang.reflect.Method.invoke(Method.java:568)
at org.testng.internal.invokers.MethodInvocationHelper.invokeMethod(MethodInvocationHelper.java:139)
at org.testng.internal.invokers.TestInvoker.invokeMethod(TestInvoker.java:677)
at org.testng.internal.invokers.TestInvoker.invokeTestMethod(TestInvoker.java:221)
at org.testng.internal.invokers.MethodRunner.runInSequence(MethodRunner.java:50)
at org.testng.internal.invokers.TestInvoker$MethodInvocationAgent.invoke(TestInvoker.java:962)
at org.testng.internal.invokers.TestInvoker.invokeTestMethods(TestInvoker.java:194)
at org.testng.internal.invokers.TestMethodWorker.invokeTestMethods(TestMethodWorker.java:148)
at org.testng.internal.invokers.TestMethodWorker.run(TestMethodWorker.java:128)
at java.base/java.util.ArrayList.forEach(ArrayList.java:1511)
at org.testng.TestRunner.privateRun(TestRunner.java:806)
at org.testng.TestRunner.run(TestRunner.java:601)
at org.testng.SuiteRunner.runTest(SuiteRunner.java:433)
at org.testng.SuiteRunner.runSequentially(SuiteRunner.java:427)
at org.testng.SuiteRunner.privateRun(SuiteRunner.java:387)
at org.testng.SuiteRunner.run(SuiteRunner.java:330)
at org.testng.SuiteRunnerWorker.runSuite(SuiteRunnerWorker.java:52)
at org.testng.SuiteRunnerWorker.run(SuiteRunnerWorker.java:95)
at org.testng.TestNG.runSuitesSequentially(TestNG.java:1256)
at org.testng.TestNG.runSuitesLocally(TestNG.java:1176)
at org.testng.TestNG.runSuites(TestNG.java:1099)
at org.testng.TestNG.run(TestNG.java:1067)
at org.testng.remote.AbstractRemoteTestNG.run(AbstractRemoteTestNG.java:115)
at org.testng.remote.RemoteTestNG.initAndRun(RemoteTestNG.java:251)
at org.testng.remote.RemoteTestNG.main(RemoteTestNG.java:77)
]]>
            </full-stacktrace>
          </exception> <!-- org.openqa.selenium.StaleElementReferenceException -->
          <reporter-output>
          </reporter-output>
        </test-method> <!-- InvalidFNameRegistrationTest -->
        <test-method is-config="true" signature="screenshotOnFailure(org.testng.ITestResult)[pri:0, instance:tests.TestRegistration@173ed316]" started-at="2022-09-06T23:07:59 EET" name="screenshotOnFailure" finished-at="2022-09-06T23:07:59 EET" duration-ms="167" status="PASS">
          <params>
            <param index="0">
              <value>
                <![CDATA[[TestResult name=InvalidFNameRegistrationTest status=FAILURE method=TestRegistration.InvalidFNameRegistrationTest()[pri:3, instance:tests.TestRegistration@173ed316] output={null}]]]>
              </value>
            </param>
          </params>
          <reporter-output>
          </reporter-output>
        </test-method> <!-- screenshotOnFailure -->
        <test-method signature="EmptyLNameRegistrationTest()[pri:4, instance:tests.TestRegistration@173ed316]" started-at="2022-09-06T23:07:59 EET" name="EmptyLNameRegistrationTest" finished-at="2022-09-06T23:08:01 EET" duration-ms="2153" status="PASS">
          <reporter-output>
          </reporter-output>
        </test-method> <!-- EmptyLNameRegistrationTest -->
        <test-method is-config="true" signature="screenshotOnFailure(org.testng.ITestResult)[pri:0, instance:tests.TestRegistration@173ed316]" started-at="2022-09-06T23:08:01 EET" name="screenshotOnFailure" finished-at="2022-09-06T23:08:01 EET" duration-ms="0" status="PASS">
          <params>
            <param index="0">
              <value>
                <![CDATA[[TestResult name=EmptyLNameRegistrationTest status=SUCCESS method=TestRegistration.EmptyLNameRegistrationTest()[pri:4, instance:tests.TestRegistration@173ed316] output={null}]]]>
              </value>
            </param>
          </params>
          <reporter-output>
          </reporter-output>
        </test-method> <!-- screenshotOnFailure -->
        <test-method signature="InvalidLNameRegistrationTest()[pri:5, instance:tests.TestRegistration@173ed316]" started-at="2022-09-06T23:08:01 EET" name="InvalidLNameRegistrationTest" finished-at="2022-09-06T23:08:03 EET" duration-ms="2121" status="PASS">
          <reporter-output>
          </reporter-output>
        </test-method> <!-- InvalidLNameRegistrationTest -->
        <test-method is-config="true" signature="screenshotOnFailure(org.testng.ITestResult)[pri:0, instance:tests.TestRegistration@173ed316]" started-at="2022-09-06T23:08:03 EET" name="screenshotOnFailure" finished-at="2022-09-06T23:08:03 EET" duration-ms="1" status="PASS">
          <params>
            <param index="0">
              <value>
                <![CDATA[[TestResult name=InvalidLNameRegistrationTest status=SUCCESS method=TestRegistration.InvalidLNameRegistrationTest()[pri:5, instance:tests.TestRegistration@173ed316] output={null}]]]>
              </value>
            </param>
          </params>
          <reporter-output>
          </reporter-output>
        </test-method> <!-- screenshotOnFailure -->
        <test-method signature="EmptyPhoneRegistrationTest()[pri:6, instance:tests.TestRegistration@173ed316]" started-at="2022-09-06T23:08:03 EET" name="EmptyPhoneRegistrationTest" finished-at="2022-09-06T23:08:08 EET" duration-ms="4608" status="FAIL">
          <exception class="java.lang.AssertionError">
            <message>
              <![CDATA[expected [true] but found [false]]]>
            </message>
            <full-stacktrace>
              <![CDATA[java.lang.AssertionError: expected [true] but found [false]
at org.testng.Assert.fail(Assert.java:110)
at org.testng.Assert.failNotEquals(Assert.java:1413)
at org.testng.Assert.assertTrue(Assert.java:56)
at org.testng.Assert.assertTrue(Assert.java:66)
at tests.TestRegistration.EmptyPhoneRegistrationTest(TestRegistration.java:99)
at java.base/jdk.internal.reflect.NativeMethodAccessorImpl.invoke0(Native Method)
at java.base/jdk.internal.reflect.NativeMethodAccessorImpl.invoke(NativeMethodAccessorImpl.java:77)
at java.base/jdk.internal.reflect.DelegatingMethodAccessorImpl.invoke(DelegatingMethodAccessorImpl.java:43)
at java.base/java.lang.reflect.Method.invoke(Method.java:568)
at org.testng.internal.invokers.MethodInvocationHelper.invokeMethod(MethodInvocationHelper.java:139)
at org.testng.internal.invokers.TestInvoker.invokeMethod(TestInvoker.java:677)
at org.testng.internal.invokers.TestInvoker.invokeTestMethod(TestInvoker.java:221)
at org.testng.internal.invokers.MethodRunner.runInSequence(MethodRunner.java:50)
at org.testng.internal.invokers.TestInvoker$MethodInvocationAgent.invoke(TestInvoker.java:962)
at org.testng.internal.invokers.TestInvoker.invokeTestMethods(TestInvoker.java:194)
at org.testng.internal.invokers.TestMethodWorker.invokeTestMethods(TestMethodWorker.java:148)
at org.testng.internal.invokers.TestMethodWorker.run(TestMethodWorker.java:128)
at java.base/java.util.ArrayList.forEach(ArrayList.java:1511)
at org.testng.TestRunner.privateRun(TestRunner.java:806)
at org.testng.TestRunner.run(TestRunner.java:601)
at org.testng.SuiteRunner.runTest(SuiteRunner.java:433)
at org.testng.SuiteRunner.runSequentially(SuiteRunner.java:427)
at org.testng.SuiteRunner.privateRun(SuiteRunner.java:387)
at org.testng.SuiteRunner.run(SuiteRunner.java:330)
at org.testng.SuiteRunnerWorker.runSuite(SuiteRunnerWorker.java:52)
at org.testng.SuiteRunnerWorker.run(SuiteRunnerWorker.java:95)
at org.testng.TestNG.runSuitesSequentially(TestNG.java:1256)
at org.testng.TestNG.runSuitesLocally(TestNG.java:1176)
at org.testng.TestNG.runSuites(TestNG.java:1099)
at org.testng.TestNG.run(TestNG.java:1067)
at org.testng.remote.AbstractRemoteTestNG.run(AbstractRemoteTestNG.java:115)
at org.testng.remote.RemoteTestNG.initAndRun(RemoteTestNG.java:251)
at org.testng.remote.RemoteTestNG.main(RemoteTestNG.java:77)
]]>
            </full-stacktrace>
          </exception> <!-- java.lang.AssertionError -->
          <reporter-output>
          </reporter-output>
        </test-method> <!-- EmptyPhoneRegistrationTest -->
        <test-method is-config="true" signature="screenshotOnFailure(org.testng.ITestResult)[pri:0, instance:tests.TestRegistration@173ed316]" started-at="2022-09-06T23:08:08 EET" name="screenshotOnFailure" finished-at="2022-09-06T23:08:08 EET" duration-ms="182" status="PASS">
          <params>
            <param index="0">
              <value>
                <![CDATA[[TestResult name=EmptyPhoneRegistrationTest status=FAILURE method=TestRegistration.EmptyPhoneRegistrationTest()[pri:6, instance:tests.TestRegistration@173ed316] output={null}]]]>
              </value>
            </param>
          </params>
          <reporter-output>
          </reporter-output>
        </test-method> <!-- screenshotOnFailure -->
        <test-method signature="EmptyEmailRegistrationTest()[pri:7, instance:tests.TestRegistration@173ed316]" started-at="2022-09-06T23:08:08 EET" name="EmptyEmailRegistrationTest" finished-at="2022-09-06T23:08:11 EET" duration-ms="3141" status="PASS">
          <reporter-output>
          </reporter-output>
        </test-method> <!-- EmptyEmailRegistrationTest -->
        <test-method is-config="true" signature="screenshotOnFailure(org.testng.ITestResult)[pri:0, instance:tests.TestRegistration@173ed316]" started-at="2022-09-06T23:08:11 EET" name="screenshotOnFailure" finished-at="2022-09-06T23:08:11 EET" duration-ms="0" status="PASS">
          <params>
            <param index="0">
              <value>
                <![CDATA[[TestResult name=EmptyEmailRegistrationTest status=SUCCESS method=TestRegistration.EmptyEmailRegistrationTest()[pri:7, instance:tests.TestRegistration@173ed316] output={null}]]]>
              </value>
            </param>
          </params>
          <reporter-output>
          </reporter-output>
        </test-method> <!-- screenshotOnFailure -->
        <test-method signature="ExistedEmailRegistrationTest()[pri:8, instance:tests.TestRegistration@173ed316]" started-at="2022-09-06T23:08:11 EET" name="ExistedEmailRegistrationTest" finished-at="2022-09-06T23:08:14 EET" duration-ms="2763" status="PASS">
          <reporter-output>
          </reporter-output>
        </test-method> <!-- ExistedEmailRegistrationTest -->
        <test-method is-config="true" signature="screenshotOnFailure(org.testng.ITestResult)[pri:0, instance:tests.TestRegistration@173ed316]" started-at="2022-09-06T23:08:14 EET" name="screenshotOnFailure" finished-at="2022-09-06T23:08:14 EET" duration-ms="1" status="PASS">
          <params>
            <param index="0">
              <value>
                <![CDATA[[TestResult name=ExistedEmailRegistrationTest status=SUCCESS method=TestRegistration.ExistedEmailRegistrationTest()[pri:8, instance:tests.TestRegistration@173ed316] output={null}]]]>
              </value>
            </param>
          </params>
          <reporter-output>
          </reporter-output>
        </test-method> <!-- screenshotOnFailure -->
        <test-method signature="InvalidEmailRegistrationTest()[pri:9, instance:tests.TestRegistration@173ed316]" started-at="2022-09-06T23:08:14 EET" name="InvalidEmailRegistrationTest" finished-at="2022-09-06T23:08:18 EET" duration-ms="4342" status="PASS">
          <reporter-output>
          </reporter-output>
        </test-method> <!-- InvalidEmailRegistrationTest -->
        <test-method is-config="true" signature="screenshotOnFailure(org.testng.ITestResult)[pri:0, instance:tests.TestRegistration@173ed316]" started-at="2022-09-06T23:08:18 EET" name="screenshotOnFailure" finished-at="2022-09-06T23:08:18 EET" duration-ms="1" status="PASS">
          <params>
            <param index="0">
              <value>
                <![CDATA[[TestResult name=InvalidEmailRegistrationTest status=SUCCESS method=TestRegistration.InvalidEmailRegistrationTest()[pri:9, instance:tests.TestRegistration@173ed316] output={null}]]]>
              </value>
            </param>
          </params>
          <reporter-output>
          </reporter-output>
        </test-method> <!-- screenshotOnFailure -->
        <test-method signature="InvaldEmailRegistrationTest()[pri:10, instance:tests.TestRegistration@173ed316]" started-at="2022-09-06T23:08:18 EET" name="InvaldEmailRegistrationTest" finished-at="2022-09-06T23:08:22 EET" duration-ms="3631" status="PASS">
          <reporter-output>
          </reporter-output>
        </test-method> <!-- InvaldEmailRegistrationTest -->
        <test-method is-config="true" signature="screenshotOnFailure(org.testng.ITestResult)[pri:0, instance:tests.TestRegistration@173ed316]" started-at="2022-09-06T23:08:22 EET" name="screenshotOnFailure" finished-at="2022-09-06T23:08:22 EET" duration-ms="1" status="PASS">
          <params>
            <param index="0">
              <value>
                <![CDATA[[TestResult name=InvaldEmailRegistrationTest status=SUCCESS method=TestRegistration.InvaldEmailRegistrationTest()[pri:10, instance:tests.TestRegistration@173ed316] output={null}]]]>
              </value>
            </param>
          </params>
          <reporter-output>
          </reporter-output>
        </test-method> <!-- screenshotOnFailure -->
        <test-method is-config="true" signature="stopDriver()[pri:0, instance:tests.TestRegistration@173ed316]" started-at="2022-09-06T23:08:22 EET" name="stopDriver" finished-at="2022-09-06T23:08:23 EET" duration-ms="395" status="PASS">
          <reporter-output>
          </reporter-output>
        </test-method> <!-- stopDriver -->
      </class> <!-- tests.TestRegistration -->
    </test> <!-- Default test -->
  </suite> <!-- Default suite -->
</testng-results>
